	Host: karl29 	Rank(ID): 6 	of Size: 11 on comm 1 
Loading required package: splines

Attaching package: 'combinat'


	The following object(s) are masked from package:utils :

	 combn 

Loading required package: party
Loading required package: grid
Loading required package: modeltools
Loading required package: stats4
Loading required package: coin
Loading required package: mvtnorm
Loading required package: zoo
Loading required package: sandwich
Loading required package: strucchange
Loading required package: vcd
Loading required package: MASS
Loading required package: colorspace
Loading required package: GDD
Loading required package: R2HTML

 Doing fnum  7 
